[debug] [2023-03-04T00:34:32.606Z] ----------------------------------------------------------------------
[debug] [2023-03-04T00:34:32.608Z] Command:       E:\Apps\nodejs\node.exe C:\Users\mingr\AppData\Roaming\npm\node_modules\firebase-tools\lib\bin\firebase.js init
[debug] [2023-03-04T00:34:32.608Z] CLI Version:   11.24.0
[debug] [2023-03-04T00:34:32.608Z] Platform:      win32
[debug] [2023-03-04T00:34:32.608Z] Node Version:  v16.16.0
[debug] [2023-03-04T00:34:32.609Z] Time:          Fri Mar 03 2023 16:34:32 GMT-0800 (Pacific Standard Time)
[debug] [2023-03-04T00:34:32.610Z] ----------------------------------------------------------------------
[debug] 
[debug] [2023-03-04T00:34:32.616Z] > command requires scopes: ["email","openid","https://www.googleapis.com/auth/cloudplatformprojects.readonly","https://www.googleapis.com/auth/firebase","https://www.googleapis.com/auth/cloud-platform"]
[debug] [2023-03-04T00:34:32.617Z] > authorizing via signed-in user (kingtigerknight@gmail.com)
[info] 
     ######## #### ########  ######## ########     ###     ######  ########
     ##        ##  ##     ## ##       ##     ##  ##   ##  ##       ##
     ######    ##  ########  ######   ########  #########  ######  ######
     ##        ##  ##    ##  ##       ##     ## ##     ##       ## ##
     ##       #### ##     ## ######## ########  ##     ##  ######  ########

You're about to initialize a Firebase project in this directory:

  C:\Users\mingr\Desktop\frontend-code\online_learning\learning-react-firebase\learning-firebase-final

[info] 
=== Project Setup
[info] 
[info] First, let's associate this project directory with a Firebase project.
[info] You can create multiple project aliases by running firebase use --add, 
[info] but for now we'll just set up a default project.
[info] 
[debug] [2023-03-04T00:34:54.602Z] > refreshing access token with scopes: []
[debug] [2023-03-04T00:34:54.603Z] >>> [apiv2][query] POST https://www.googleapis.com/oauth2/v3/token [none]
[debug] [2023-03-04T00:34:54.604Z] >>> [apiv2][body] POST https://www.googleapis.com/oauth2/v3/token [omitted]
[debug] [2023-03-04T00:34:54.762Z] <<< [apiv2][status] POST https://www.googleapis.com/oauth2/v3/token 200
[debug] [2023-03-04T00:34:54.763Z] <<< [apiv2][body] POST https://www.googleapis.com/oauth2/v3/token [omitted]
[debug] [2023-03-04T00:34:54.772Z] >>> [apiv2][query] GET https://firebase.googleapis.com/v1beta1/projects pageSize=100
[debug] [2023-03-04T00:34:55.133Z] <<< [apiv2][status] GET https://firebase.googleapis.com/v1beta1/projects 200
[debug] [2023-03-04T00:34:55.133Z] <<< [apiv2][body] GET https://firebase.googleapis.com/v1beta1/projects [omitted]
[info] i  Using project learning-firebase-final (learning-firebase-final) 
[info] 
=== Hosting Setup
[info] 
[info] Your public directory is the folder (relative to your project directory) that
[info] will contain Hosting assets to be uploaded with firebase deploy. If you
[info] have a build process for your assets, use your build's output directory.
[info] 
[info] +  Wrote public/404.html 
[debug] [2023-03-04T00:36:26.762Z] >>> [apiv2][query] GET https://www.gstatic.com/firebasejs/releases.json [none]
[debug] [2023-03-04T00:36:26.840Z] <<< [apiv2][status] GET https://www.gstatic.com/firebasejs/releases.json 200
[debug] [2023-03-04T00:36:26.840Z] <<< [apiv2][body] GET https://www.gstatic.com/firebasejs/releases.json {"current":{"version":"9.17.2","browserURL":"https://www.gstatic.com/firebasejs/9.17.2/firebase.js","packageURL":"https://www.gstatic.com/firebasejs/9.17.2/firebase.tgz"},"live":{"version":"9.17","browserURL":"https://www.gstatic.com/firebasejs/live/9.17/firebase.js","packageURL":"https://www.gstatic.com/firebasejs/live/9.17/firebase.tgz"},"components":{"analytics":"https://www.gstatic.com/firebasejs/9.17.2/firebase-analytics.js","app":"https://www.gstatic.com/firebasejs/9.17.2/firebase-app.js","app-check":"https://www.gstatic.com/firebasejs/9.17.2/firebase-app-check.js","auth":"https://www.gstatic.com/firebasejs/9.17.2/firebase-auth.js","auth/cordova":"https://www.gstatic.com/firebasejs/9.17.2/firebase-auth/cordova.js","auth/react-native":"https://www.gstatic.com/firebasejs/9.17.2/firebase-auth/react-native.js","functions":"https://www.gstatic.com/firebasejs/9.17.2/firebase-functions.js","firestore":"https://www.gstatic.com/firebasejs/9.17.2/firebase-firestore.js","firestore/lite":"https://www.gstatic.com/firebasejs/9.17.2/firebase-firestore/lite.js","installations":"https://www.gstatic.com/firebasejs/9.17.2/firebase-installations.js","storage":"https://www.gstatic.com/firebasejs/9.17.2/firebase-storage.js","performance":"https://www.gstatic.com/firebasejs/9.17.2/firebase-performance.js","remote-config":"https://www.gstatic.com/firebasejs/9.17.2/firebase-remote-config.js","messaging":"https://www.gstatic.com/firebasejs/9.17.2/firebase-messaging.js","messaging/sw":"https://www.gstatic.com/firebasejs/9.17.2/firebase-messaging/sw.js","database":"https://www.gstatic.com/firebasejs/9.17.2/firebase-database.js","firestore.memory":"https://www.gstatic.com/firebasejs/9.17.2/firebase-firestore.memory.js"}}
[info] i  Skipping write of public/index.html 
[info] 
[info] i  Didn't detect a .git folder. Assuming C:\Users\mingr\Desktop\frontend-code\online_learning\learning-react-firebase\learning-firebase-final is the project root. 
[info] i  Authorizing with GitHub to upload your service account to a GitHub repository's secrets store. 
[info] 
[info] Visit this URL on this device to log in:
[info] https://github.com/login/oauth/authorize?client_id=89cf50f02ac6aaed3484&state=372685928&redirect_uri=http%3A%2F%2Flocalhost%3A9005&scope=read%3Auser%20repo%20public_repo
[info] 
[info] Waiting for authentication...
[debug] [2023-03-04T00:36:58.531Z] >>> [apiv2][query] POST https://github.com/login/oauth/access_token [none]
[debug] [2023-03-04T00:36:58.532Z] >>> [apiv2][body] POST https://github.com/login/oauth/access_token [stream]
[debug] [2023-03-04T00:36:58.986Z] <<< [apiv2][status] POST https://github.com/login/oauth/access_token 200
[debug] [2023-03-04T00:36:58.986Z] <<< [apiv2][body] POST https://github.com/login/oauth/access_token {"access_token":"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","token_type":"bearer","scope":"read:user,repo"}
[debug] [2023-03-04T00:36:58.993Z] >>> [apiv2][query] GET https://api.github.com/user [none]
[debug] [2023-03-04T00:36:59.367Z] <<< [apiv2][status] GET https://api.github.com/user 200
[debug] [2023-03-04T00:36:59.367Z] <<< [apiv2][body] GET https://api.github.com/user {"login":"Mingrkli","id":80655336,"node_id":"MDQ6VXNlcjgwNjU1MzM2","avatar_url":"https://avatars.githubusercontent.com/u/80655336?v=4","gravatar_id":"","url":"https://api.github.com/users/Mingrkli","html_url":"https://github.com/Mingrkli","followers_url":"https://api.github.com/users/Mingrkli/followers","following_url":"https://api.github.com/users/Mingrkli/following{/other_user}","gists_url":"https://api.github.com/users/Mingrkli/gists{/gist_id}","starred_url":"https://api.github.com/users/Mingrkli/starred{/owner}{/repo}","subscriptions_url":"https://api.github.com/users/Mingrkli/subscriptions","organizations_url":"https://api.github.com/users/Mingrkli/orgs","repos_url":"https://api.github.com/users/Mingrkli/repos","events_url":"https://api.github.com/users/Mingrkli/events{/privacy}","received_events_url":"https://api.github.com/users/Mingrkli/received_events","type":"User","site_admin":false,"name":"Ming Li","company":null,"blog":"","location":"Renton, WA","email":null,"hireable":null,"bio":"College student, learning to become a front-end developer focusing on HTML, CSS, and JS. My side skills are python, C#, and Java.","twitter_username":null,"public_repos":42,"public_gists":0,"followers":4,"following":2,"created_at":"2021-03-15T00:38:19Z","updated_at":"2022-10-12T01:10:30Z","private_gists":0,"total_private_repos":3,"owned_private_repos":3,"disk_usage":193485,"collaborators":0,"two_factor_authentication":false,"plan":{"name":"free","space":976562499,"collaborators":0,"private_repos":10000}}
[info] 
[info] +  Success! Logged into GitHub as Mingrkli 
[info] 
